{"E:\\Assessment\\vite context project\\contextProject\\src\\components\\datatable.tsx": {"path":"E:\\Assessment\\vite context project\\contextProject\\src\\components\\datatable.tsx","statementMap":{"0":{"start":{"line":4,"column":18},"end":{"line":72,"column":1}},"1":{"start":{"line":5,"column":34},"end":{"line":5,"column":58}},"2":{"start":{"line":7,"column":23},"end":{"line":16,"column":3}},"3":{"start":{"line":13,"column":4},"end":{"line":13,"column":27}},"4":{"start":{"line":14,"column":4},"end":{"line":15,"column":33}},"5":{"start":{"line":14,"column":20},"end":{"line":14,"column":39}},"6":{"start":{"line":15,"column":9},"end":{"line":15,"column":33}},"7":{"start":{"line":18,"column":2},"end":{"line":71,"column":4}},"8":{"start":{"line":24,"column":49},"end":{"line":24,"column":63}},"9":{"start":{"line":31,"column":16},"end":{"line":31,"column":35}},"10":{"start":{"line":43,"column":10},"end":{"line":67,"column":15}},"11":{"start":{"line":46,"column":14},"end":{"line":46,"column":36}},"12":{"start":{"line":57,"column":18},"end":{"line":57,"column":40}}},"fnMap":{"0":{"name":"(anonymous_0)","decl":{"start":{"line":4,"column":18},"end":{"line":4,"column":19}},"loc":{"start":{"line":4,"column":24},"end":{"line":72,"column":1}},"line":4},"1":{"name":"(anonymous_1)","decl":{"start":{"line":7,"column":23},"end":{"line":7,"column":24}},"loc":{"start":{"line":12,"column":7},"end":{"line":16,"column":3}},"line":12},"2":{"name":"(anonymous_2)","decl":{"start":{"line":24,"column":39},"end":{"line":24,"column":40}},"loc":{"start":{"line":24,"column":49},"end":{"line":24,"column":63}},"line":24},"3":{"name":"(anonymous_3)","decl":{"start":{"line":30,"column":24},"end":{"line":30,"column":25}},"loc":{"start":{"line":31,"column":16},"end":{"line":31,"column":35}},"line":31},"4":{"name":"(anonymous_4)","decl":{"start":{"line":42,"column":23},"end":{"line":42,"column":24}},"loc":{"start":{"line":43,"column":10},"end":{"line":67,"column":15}},"line":43},"5":{"name":"(anonymous_5)","decl":{"start":{"line":45,"column":21},"end":{"line":45,"column":22}},"loc":{"start":{"line":46,"column":14},"end":{"line":46,"column":36}},"line":46},"6":{"name":"(anonymous_6)","decl":{"start":{"line":56,"column":26},"end":{"line":56,"column":27}},"loc":{"start":{"line":57,"column":18},"end":{"line":57,"column":40}},"line":57}},"branchMap":{"0":{"loc":{"start":{"line":14,"column":4},"end":{"line":15,"column":33}},"type":"if","locations":[{"start":{"line":14,"column":4},"end":{"line":15,"column":33}},{"start":{"line":15,"column":9},"end":{"line":15,"column":33}}],"line":14},"1":{"loc":{"start":{"line":49,"column":30},"end":{"line":49,"column":72}},"type":"cond-expr","locations":[{"start":{"line":49,"column":56},"end":{"line":49,"column":67}},{"start":{"line":49,"column":70},"end":{"line":49,"column":72}}],"line":49}},"s":{"0":1,"1":2,"2":2,"3":4,"4":4,"5":1,"6":3,"7":2,"8":2,"9":1,"10":4,"11":2,"12":1},"f":{"0":2,"1":4,"2":2,"3":1,"4":4,"5":2,"6":1},"b":{"0":[1,3],"1":[2,2]},"_coverageSchema":"1a1c01bbd47fc00a2c39e90264f33305004495a9","hash":"1a2d85681866f2333acb2044bcf64f01a60a5516"}
,"E:\\Assessment\\vite context project\\contextProject\\src\\context\\graphContext.tsx": {"path":"E:\\Assessment\\vite context project\\contextProject\\src\\context\\graphContext.tsx","statementMap":{"0":{"start":{"line":16,"column":20},"end":{"line":20,"column":1}},"1":{"start":{"line":17,"column":2},"end":{"line":19,"column":5}},"2":{"start":{"line":18,"column":4},"end":{"line":18,"column":39}},"3":{"start":{"line":22,"column":23},"end":{"line":43,"column":1}},"4":{"start":{"line":23,"column":27},"end":{"line":23,"column":29}},"5":{"start":{"line":24,"column":35},"end":{"line":24,"column":37}},"6":{"start":{"line":26,"column":2},"end":{"line":41,"column":5}},"7":{"start":{"line":27,"column":4},"end":{"line":29,"column":7}},"8":{"start":{"line":28,"column":6},"end":{"line":28,"column":52}},"9":{"start":{"line":28,"column":34},"end":{"line":28,"column":52}},"10":{"start":{"line":31,"column":34},"end":{"line":38,"column":5}},"11":{"start":{"line":40,"column":4},"end":{"line":40,"column":27}},"12":{"start":{"line":42,"column":2},"end":{"line":42,"column":30}},"13":{"start":{"line":51,"column":28},"end":{"line":53,"column":1}},"14":{"start":{"line":55,"column":65},"end":{"line":141,"column":1}},"15":{"start":{"line":58,"column":36},"end":{"line":58,"column":61}},"16":{"start":{"line":59,"column":42},"end":{"line":62,"column":4}},"17":{"start":{"line":64,"column":22},"end":{"line":74,"column":3}},"18":{"start":{"line":65,"column":4},"end":{"line":73,"column":9}},"19":{"start":{"line":66,"column":25},"end":{"line":66,"column":47}},"20":{"start":{"line":68,"column":8},"end":{"line":72,"column":10}},"21":{"start":{"line":76,"column":27},"end":{"line":89,"column":3}},"22":{"start":{"line":77,"column":37},"end":{"line":77,"column":39}},"23":{"start":{"line":79,"column":4},"end":{"line":86,"column":9}},"24":{"start":{"line":80,"column":25},"end":{"line":80,"column":47}},"25":{"start":{"line":82,"column":8},"end":{"line":85,"column":10}},"26":{"start":{"line":88,"column":4},"end":{"line":88,"column":41}},"27":{"start":{"line":91,"column":2},"end":{"line":106,"column":9}},"28":{"start":{"line":92,"column":4},"end":{"line":105,"column":9}},"29":{"start":{"line":94,"column":8},"end":{"line":96,"column":9}},"30":{"start":{"line":95,"column":10},"end":{"line":95,"column":57}},"31":{"start":{"line":97,"column":8},"end":{"line":97,"column":31}},"32":{"start":{"line":100,"column":8},"end":{"line":100,"column":37}},"33":{"start":{"line":101,"column":8},"end":{"line":101,"column":45}},"34":{"start":{"line":104,"column":8},"end":{"line":104,"column":27}},"35":{"start":{"line":108,"column":19},"end":{"line":119,"column":3}},"36":{"start":{"line":109,"column":25},"end":{"line":109,"column":39}},"37":{"start":{"line":110,"column":4},"end":{"line":117,"column":70}},"38":{"start":{"line":111,"column":36},"end":{"line":113,"column":7}},"39":{"start":{"line":112,"column":18},"end":{"line":112,"column":32}},"40":{"start":{"line":114,"column":6},"end":{"line":116,"column":9}},"41":{"start":{"line":115,"column":8},"end":{"line":115,"column":39}},"42":{"start":{"line":117,"column":11},"end":{"line":117,"column":70}},"43":{"start":{"line":118,"column":4},"end":{"line":118,"column":31}},"44":{"start":{"line":121,"column":27},"end":{"line":128,"column":3}},"45":{"start":{"line":122,"column":4},"end":{"line":127,"column":6}},"46":{"start":{"line":124,"column":20},"end":{"line":124,"column":45}},"47":{"start":{"line":130,"column":2},"end":{"line":140,"column":4}}},"fnMap":{"0":{"name":"(anonymous_0)","decl":{"start":{"line":16,"column":20},"end":{"line":16,"column":21}},"loc":{"start":{"line":16,"column":59},"end":{"line":20,"column":1}},"line":16},"1":{"name":"(anonymous_1)","decl":{"start":{"line":17,"column":20},"end":{"line":17,"column":21}},"loc":{"start":{"line":17,"column":36},"end":{"line":19,"column":3}},"line":17},"2":{"name":"(anonymous_2)","decl":{"start":{"line":22,"column":23},"end":{"line":22,"column":24}},"loc":{"start":{"line":22,"column":55},"end":{"line":43,"column":1}},"line":22},"3":{"name":"(anonymous_3)","decl":{"start":{"line":26,"column":28},"end":{"line":26,"column":29}},"loc":{"start":{"line":26,"column":37},"end":{"line":41,"column":3}},"line":26},"4":{"name":"(anonymous_4)","decl":{"start":{"line":27,"column":28},"end":{"line":27,"column":29}},"loc":{"start":{"line":27,"column":38},"end":{"line":29,"column":5}},"line":27},"5":{"name":"(anonymous_5)","decl":{"start":{"line":55,"column":65},"end":{"line":55,"column":66}},"loc":{"start":{"line":57,"column":6},"end":{"line":141,"column":1}},"line":57},"6":{"name":"(anonymous_6)","decl":{"start":{"line":64,"column":22},"end":{"line":64,"column":23}},"loc":{"start":{"line":64,"column":58},"end":{"line":74,"column":3}},"line":64},"7":{"name":"(anonymous_7)","decl":{"start":{"line":66,"column":14},"end":{"line":66,"column":15}},"loc":{"start":{"line":66,"column":25},"end":{"line":66,"column":47}},"line":66},"8":{"name":"(anonymous_8)","decl":{"start":{"line":67,"column":11},"end":{"line":67,"column":12}},"loc":{"start":{"line":67,"column":29},"end":{"line":73,"column":7}},"line":67},"9":{"name":"(anonymous_9)","decl":{"start":{"line":76,"column":27},"end":{"line":76,"column":28}},"loc":{"start":{"line":76,"column":61},"end":{"line":89,"column":3}},"line":76},"10":{"name":"(anonymous_10)","decl":{"start":{"line":80,"column":14},"end":{"line":80,"column":15}},"loc":{"start":{"line":80,"column":25},"end":{"line":80,"column":47}},"line":80},"11":{"name":"(anonymous_11)","decl":{"start":{"line":81,"column":15},"end":{"line":81,"column":16}},"loc":{"start":{"line":81,"column":33},"end":{"line":86,"column":7}},"line":81},"12":{"name":"(anonymous_12)","decl":{"start":{"line":91,"column":12},"end":{"line":91,"column":13}},"loc":{"start":{"line":91,"column":18},"end":{"line":106,"column":3}},"line":91},"13":{"name":"(anonymous_13)","decl":{"start":{"line":93,"column":12},"end":{"line":93,"column":13}},"loc":{"start":{"line":93,"column":26},"end":{"line":98,"column":7}},"line":93},"14":{"name":"(anonymous_14)","decl":{"start":{"line":99,"column":12},"end":{"line":99,"column":13}},"loc":{"start":{"line":99,"column":32},"end":{"line":102,"column":7}},"line":99},"15":{"name":"(anonymous_15)","decl":{"start":{"line":103,"column":13},"end":{"line":103,"column":14}},"loc":{"start":{"line":103,"column":24},"end":{"line":105,"column":7}},"line":103},"16":{"name":"(anonymous_16)","decl":{"start":{"line":108,"column":19},"end":{"line":108,"column":20}},"loc":{"start":{"line":108,"column":50},"end":{"line":119,"column":3}},"line":108},"17":{"name":"(anonymous_17)","decl":{"start":{"line":112,"column":8},"end":{"line":112,"column":9}},"loc":{"start":{"line":112,"column":18},"end":{"line":112,"column":32}},"line":112},"18":{"name":"(anonymous_18)","decl":{"start":{"line":114,"column":27},"end":{"line":114,"column":28}},"loc":{"start":{"line":114,"column":37},"end":{"line":116,"column":7}},"line":114},"19":{"name":"(anonymous_19)","decl":{"start":{"line":121,"column":27},"end":{"line":121,"column":28}},"loc":{"start":{"line":121,"column":44},"end":{"line":128,"column":3}},"line":121},"20":{"name":"(anonymous_20)","decl":{"start":{"line":124,"column":8},"end":{"line":124,"column":9}},"loc":{"start":{"line":124,"column":20},"end":{"line":124,"column":45}},"line":124}},"branchMap":{"0":{"loc":{"start":{"line":28,"column":6},"end":{"line":28,"column":52}},"type":"if","locations":[{"start":{"line":28,"column":6},"end":{"line":28,"column":52}},{"start":{},"end":{}}],"line":28},"1":{"loc":{"start":{"line":94,"column":8},"end":{"line":96,"column":9}},"type":"if","locations":[{"start":{"line":94,"column":8},"end":{"line":96,"column":9}},{"start":{},"end":{}}],"line":94},"2":{"loc":{"start":{"line":110,"column":4},"end":{"line":117,"column":70}},"type":"if","locations":[{"start":{"line":110,"column":4},"end":{"line":117,"column":70}},{"start":{"line":117,"column":11},"end":{"line":117,"column":70}}],"line":110}},"s":{"0":1,"1":0,"2":0,"3":1,"4":0,"5":0,"6":0,"7":0,"8":0,"9":0,"10":0,"11":0,"12":0,"13":1,"14":1,"15":0,"16":0,"17":0,"18":0,"19":0,"20":0,"21":0,"22":0,"23":0,"24":0,"25":0,"26":0,"27":0,"28":0,"29":0,"30":0,"31":0,"32":0,"33":0,"34":0,"35":0,"36":0,"37":0,"38":0,"39":0,"40":0,"41":0,"42":0,"43":0,"44":0,"45":0,"46":0,"47":0},"f":{"0":0,"1":0,"2":0,"3":0,"4":0,"5":0,"6":0,"7":0,"8":0,"9":0,"10":0,"11":0,"12":0,"13":0,"14":0,"15":0,"16":0,"17":0,"18":0,"19":0,"20":0},"b":{"0":[0,0],"1":[0,0],"2":[0,0]},"_coverageSchema":"1a1c01bbd47fc00a2c39e90264f33305004495a9","hash":"99f141688687bddcbfb7fcd74c2258b0536f7c97"}
,"E:\\Assessment\\vite context project\\contextProject\\src\\utils\\randomColor.tsx": {"path":"E:\\Assessment\\vite context project\\contextProject\\src\\utils\\randomColor.tsx","statementMap":{"0":{"start":{"line":1,"column":30},"end":{"line":7,"column":1}},"1":{"start":{"line":2,"column":14},"end":{"line":2,"column":17}},"2":{"start":{"line":3,"column":2},"end":{"line":5,"column":3}},"3":{"start":{"line":3,"column":15},"end":{"line":3,"column":16}},"4":{"start":{"line":4,"column":4},"end":{"line":4,"column":64}},"5":{"start":{"line":6,"column":2},"end":{"line":6,"column":15}}},"fnMap":{"0":{"name":"(anonymous_0)","decl":{"start":{"line":1,"column":30},"end":{"line":1,"column":31}},"loc":{"start":{"line":1,"column":44},"end":{"line":7,"column":1}},"line":1}},"branchMap":{},"s":{"0":1,"1":0,"2":0,"3":0,"4":0,"5":0},"f":{"0":0},"b":{},"_coverageSchema":"1a1c01bbd47fc00a2c39e90264f33305004495a9","hash":"3601cd49bd148637751cbfcaa44693f709cd36bc"}
}
